0 info it worked if it ends with ok
1 verbose cli [ '/usr/local/bin/node',
1 verbose cli   '/usr/local/bin/npm',
1 verbose cli   'install',
1 verbose cli   '--save' ]
2 info using npm@3.10.10
3 info using node@v6.9.5
4 silly loadCurrentTree Starting
5 silly install loadCurrentTree
6 silly install readLocalPackageData
7 silly install normalizeTree
8 silly loadCurrentTree Finishing
9 silly loadIdealTree Starting
10 silly install loadIdealTree
11 silly cloneCurrentTree Starting
12 silly install cloneCurrentTreeToIdealTree
13 silly cloneCurrentTree Finishing
14 silly loadShrinkwrap Starting
15 silly install loadShrinkwrap
16 silly loadShrinkwrap Finishing
17 silly loadAllDepsIntoIdealTree Starting
18 silly install loadAllDepsIntoIdealTree
19 silly fetchNamedPackageData helios
20 silly mapToRegistry name helios
21 silly mapToRegistry using default registry
22 silly mapToRegistry registry https://registry.npmjs.org/
23 silly mapToRegistry data Result {
23 silly mapToRegistry   raw: 'helios',
23 silly mapToRegistry   scope: null,
23 silly mapToRegistry   escapedName: 'helios',
23 silly mapToRegistry   name: 'helios',
23 silly mapToRegistry   rawSpec: '',
23 silly mapToRegistry   spec: 'latest',
23 silly mapToRegistry   type: 'tag' }
24 silly mapToRegistry uri https://registry.npmjs.org/helios
25 verbose request uri https://registry.npmjs.org/helios
26 verbose request no auth needed
27 info attempt registry request try #1 at 8:51:49 AM
28 verbose request id fa98930aba9c6b08
29 http request GET https://registry.npmjs.org/helios
30 http 200 https://registry.npmjs.org/helios
31 verbose headers { 'content-type': 'application/json; charset=UTF-8',
31 verbose headers   server: 'UploadServer',
31 verbose headers   'cache-control': 'max-age=300',
31 verbose headers   'last-modified': 'Wed, 18 Dec 2013 9:19:37 GMT',
31 verbose headers   etag: '"52b168a9-9e13"',
31 verbose headers   'x-npm-region': 'US-Central',
31 verbose headers   'content-encoding': 'gzip',
31 verbose headers   'content-length': '4384',
31 verbose headers   'accept-ranges': 'bytes',
31 verbose headers   date: 'Sat, 03 Mar 2018 15:51:54 GMT',
31 verbose headers   via: '1.1 varnish',
31 verbose headers   age: '0',
31 verbose headers   connection: 'keep-alive',
31 verbose headers   'x-served-by': 'cache-dfw18625-DFW',
31 verbose headers   'x-cache': 'MISS',
31 verbose headers   'x-cache-hits': '0',
31 verbose headers   'x-timer': 'S1520092315.540682,VS0,VE108',
31 verbose headers   vary: 'Accept-Encoding, Accept' }
32 silly get cb [ 200,
32 silly get   { 'content-type': 'application/json; charset=UTF-8',
32 silly get     server: 'UploadServer',
32 silly get     'cache-control': 'max-age=300',
32 silly get     'last-modified': 'Wed, 18 Dec 2013 9:19:37 GMT',
32 silly get     etag: '"52b168a9-9e13"',
32 silly get     'x-npm-region': 'US-Central',
32 silly get     'content-encoding': 'gzip',
32 silly get     'content-length': '4384',
32 silly get     'accept-ranges': 'bytes',
32 silly get     date: 'Sat, 03 Mar 2018 15:51:54 GMT',
32 silly get     via: '1.1 varnish',
32 silly get     age: '0',
32 silly get     connection: 'keep-alive',
32 silly get     'x-served-by': 'cache-dfw18625-DFW',
32 silly get     'x-cache': 'MISS',
32 silly get     'x-cache-hits': '0',
32 silly get     'x-timer': 'S1520092315.540682,VS0,VE108',
32 silly get     vary: 'Accept-Encoding, Accept' } ]
33 verbose get saving helios to /Users/uwaltj6/.npm/registry.npmjs.org/helios/.cache.json
34 verbose correctMkdir /Users/uwaltj6/.npm correctMkdir not in flight; initializing
35 silly fetchPackageMetaData Error: No compatible version found: helios@0.2.0
35 silly fetchPackageMetaData Valid install targets:
35 silly fetchPackageMetaData 0.0.5, 0.0.4, 0.0.3, 0.0.2, 0.0.1
35 silly fetchPackageMetaData
35 silly fetchPackageMetaData     at pickVersionFromRegistryDocument (/usr/local/lib/node_modules/npm/lib/fetch-package-metadata.js:178:16)
35 silly fetchPackageMetaData     at /usr/local/lib/node_modules/npm/node_modules/iferr/index.js:13:50
35 silly fetchPackageMetaData     at /usr/local/lib/node_modules/npm/lib/utils/pulse-till-done.js:20:8
35 silly fetchPackageMetaData     at saved (/usr/local/lib/node_modules/npm/lib/cache/caching-client.js:174:7)
35 silly fetchPackageMetaData     at /usr/local/lib/node_modules/npm/node_modules/graceful-fs/polyfills.js:241:18
35 silly fetchPackageMetaData     at FSReqWrap.oncomplete (fs.js:123:15)
35 silly fetchPackageMetaData  error for helios@0.2.0 { Error: No compatible version found: helios@0.2.0
35 silly fetchPackageMetaData Valid install targets:
35 silly fetchPackageMetaData 0.0.5, 0.0.4, 0.0.3, 0.0.2, 0.0.1
35 silly fetchPackageMetaData
35 silly fetchPackageMetaData     at pickVersionFromRegistryDocument (/usr/local/lib/node_modules/npm/lib/fetch-package-metadata.js:178:16)
35 silly fetchPackageMetaData     at /usr/local/lib/node_modules/npm/node_modules/iferr/index.js:13:50
35 silly fetchPackageMetaData     at /usr/local/lib/node_modules/npm/lib/utils/pulse-till-done.js:20:8
35 silly fetchPackageMetaData     at saved (/usr/local/lib/node_modules/npm/lib/cache/caching-client.js:174:7)
35 silly fetchPackageMetaData     at /usr/local/lib/node_modules/npm/node_modules/graceful-fs/polyfills.js:241:18
35 silly fetchPackageMetaData     at FSReqWrap.oncomplete (fs.js:123:15) code: 'ETARGET' }
36 silly rollbackFailedOptional Starting
37 silly rollbackFailedOptional Finishing
38 silly runTopLevelLifecycles Finishing
39 silly install printInstalled
40 verbose stack Error: No compatible version found: helios@0.2.0
40 verbose stack Valid install targets:
40 verbose stack 0.0.5, 0.0.4, 0.0.3, 0.0.2, 0.0.1
40 verbose stack
40 verbose stack     at pickVersionFromRegistryDocument (/usr/local/lib/node_modules/npm/lib/fetch-package-metadata.js:178:16)
40 verbose stack     at /usr/local/lib/node_modules/npm/node_modules/iferr/index.js:13:50
40 verbose stack     at /usr/local/lib/node_modules/npm/lib/utils/pulse-till-done.js:20:8
40 verbose stack     at saved (/usr/local/lib/node_modules/npm/lib/cache/caching-client.js:174:7)
40 verbose stack     at /usr/local/lib/node_modules/npm/node_modules/graceful-fs/polyfills.js:241:18
40 verbose stack     at FSReqWrap.oncomplete (fs.js:123:15)
41 verbose cwd /Users/uwaltj6/workspace/tableGraphExplorer
42 error Darwin 16.7.0
43 error argv "/usr/local/bin/node" "/usr/local/bin/npm" "install" "--save"
44 error node v6.9.5
45 error npm  v3.10.10
46 error code ETARGET
47 error notarget No compatible version found: helios@0.2.0
47 error notarget Valid install targets:
47 error notarget 0.0.5, 0.0.4, 0.0.3, 0.0.2, 0.0.1
48 error notarget This is most likely not a problem with npm itself.
48 error notarget In most cases you or one of your dependencies are requesting
48 error notarget a package version that doesn't exist.
48 error notarget
48 error notarget It was specified as a dependency of 'tablegraphexplorer'
49 verbose exit [ 1, true ]
